SQL>  declare
  2      v_sal number(20);
  3     z exception;
  4      v_empno number:=&empno;
  5      begin
  6      select sal into V_sal
  7      from emp
  8      where empno=v_empno;
  9      if v_sal>2000 then
 10     raise z;
 11     else
 12     update emp
 13     set sal=sal+100
 14     where empno=v_empno;
 15     end if;
 16     exception
 17     when z then
 18     dbms_output.put_line('salary already high');
 19  end;
 20  /
Enter value for empno: 7839
old   4:     v_empno number:=&empno;
new   4:     v_empno number:=7839;
salary already high                                                                                 

PL/SQL procedure successfully completed.

SQL> declare
  2  v_sal int:=&v_sal;
  3  v_name varchar(20):=upper('&v_name');
  4  o_sal int;
  5  i int;
  6  sal_exception exception ;
  7  begin
  8  select sal into o_sal
  9  from emp
 10  where ename =v_name;
 11  i:=o_sal +v_sal;
 12  if i>2000 then
 13  raise sal_exception;
 14  else
 15  update emp
 16  set sal=i
 17  where ename=v_name;
 18  end if;
 19  exception
 20  when sal_exception then
 21  dbms_output.put_line('sal is morethan 2000 so we can't update');
 22  end;
 23  /
Enter value for v_sal: 
old   2: v_sal int:=&v_sal;
new   2: v_sal int:=;
Enter value for v_name: king
old   3: v_name varchar(20):=upper('&v_name');
new   3: v_name varchar(20):=upper('king');
ERROR:
ORA-01756: quoted string not properly terminated 


SQL> /
Enter value for v_sal: KING
old   2: v_sal int:=&v_sal;
new   2: v_sal int:=KING;
Enter value for v_name: KING
old   3: v_name varchar(20):=upper('&v_name');
new   3: v_name varchar(20):=upper('KING');
ERROR:
ORA-01756: quoted string not properly terminated 


SQL> /
Enter value for v_sal: 500
old   2: v_sal int:=&v_sal;
new   2: v_sal int:=500;
Enter value for v_name: KING
old   3: v_name varchar(20):=upper('&v_name');
new   3: v_name varchar(20):=upper('KING');
ERROR:
ORA-01756: quoted string not properly terminated 


SQL> /
Enter value for v_sal: 2000
old   2: v_sal int:=&v_sal;
new   2: v_sal int:=2000;
Enter value for v_name: KING
old   3: v_name varchar(20):=upper('&v_name');
new   3: v_name varchar(20):=upper('KING');
ERROR:
ORA-01756: quoted string not properly terminated 


SQL> 
SQL> /
Enter value for v_sal: 500
old   2: v_sal int:=&v_sal;
new   2: v_sal int:=500;
Enter value for v_name: SMITH
old   3: v_name varchar(20):=upper('&v_name');
new   3: v_name varchar(20):=upper('SMITH');
ERROR:
ORA-01756: quoted string not properly terminated 


SQL> declare
  2  v_sal int:=&v_sal;
  3  v_name varchar(20):=upper('&v_name');
  4  o_sal int;
  5  i int;
  6  sal_exception exception ;
  7  begin
  8  select sal into o_sal
  9  from emp
 10  where ename =v_name;
 11  i:=o_sal +v_sal;
 12  if i>2000 then
 13  raise sal_exception;
 14  else
 15  update emp
 16  set sal=i
 17  where ename=v_name;
 18  end if;
 19  exception
 20  when sal_exception then
 21  dbms_output.put_line('sal is morethan 2000 so we can't update');
 22  end;
 23  /
Enter value for v_sal: 
old   2: v_sal int:=&v_sal;
new   2: v_sal int:=;
Enter value for v_name: KING
old   3: v_name varchar(20):=upper('&v_name');
new   3: v_name varchar(20):=upper('KING');
ERROR:
ORA-01756: quoted string not properly terminated 


SQL> /
Enter value for v_sal: 5000
old   2: v_sal int:=&v_sal;
new   2: v_sal int:=5000;
Enter value for v_name: KING
old   3: v_name varchar(20):=upper('&v_name');
new   3: v_name varchar(20):=upper('KING');
ERROR:
ORA-01756: quoted string not properly terminated 


SQL> ed
Wrote file afiedt.buf

  1  declare
  2  v_sal int:=&v_sal;
  3  v_name varchar(20):=upper('&v_name');
  4  o_sal int;
  5  i int;
  6  sal_exception exception ;
  7  begin
  8  select sal into o_sal
  9  from emp
 10  where ename =v_name;
 11  i:=o_sal +v_sal;
 12  if i>2000 then
 13  raise sal_exception;
 14  else
 15  update emp
 16  set sal=i
 17  where ename=v_name;
 18  end if;
 19  exception
 20  when sal_exception then
 21  dbms_output.put_line('sal is morethan 2000 so we can't update');
 22* end;
SQL> /
Enter value for v_sal: 5000
old   2: v_sal int:=&v_sal;
new   2: v_sal int:=5000;
Enter value for v_name: KING
old   3: v_name varchar(20):=upper('&v_name');
new   3: v_name varchar(20):=upper('KING');
ERROR:
ORA-01756: quoted string not properly terminated 


SQL> ed
Wrote file afiedt.buf

  1  declare
  2  v_sal int:=&v_sal;
  3  v_name varchar(20):=upper('&v_name');
  4  o_sal int;
  5  i int;
  6  sal_exception exception ;
  7  begin
  8  select sal into o_sal
  9  from emp
 10  where ename =v_name;
 11  i:=o_sal +v_sal;
 12  if i>2000 then
 13  raise sal_exception;
 14  else
 15  update emp
 16  set sal=i
 17  where ename=v_name;
 18  end if;
 19  exception
 20  when sal_exception then
 21  dbms_output.put_line('sal is more than 2000 so we can't update');
 22* end;
SQL> /
Enter value for v_sal: 500
old   2: v_sal int:=&v_sal;
new   2: v_sal int:=500;
Enter value for v_name: KING
old   3: v_name varchar(20):=upper('&v_name');
new   3: v_name varchar(20):=upper('KING');
ERROR:
ORA-01756: quoted string not properly terminated 


SQL> declare
  2  v_sal int;
  3  o_sal int :=&o_sal;
  4  v_empno int :=upper('&v_empno');
  5  insufficient_balance exception;
  6  i int;
  7  begin
  8  select sal into v_sal
  9  from emp
 10  where empno=v_empno;
 11  i :=v_sal-o_sal;
 12  if i<o_sal then
 13  raise insufficient balance;
 14  else
 15  update emp
 16  set sal=v_sal-O_sal
 17  where empno=v_empno;
 18  end if;
 19  exception
 20  when insufficient_balance then
 21  dbms_output.put_line('insufficient_balance');
 22  end;
 23  /
Enter value for o_sal: 400
old   3: o_sal int :=&o_sal;
new   3: o_sal int :=400;
Enter value for v_empno: 7839
old   4: v_empno int :=upper('&v_empno');
new   4: v_empno int :=upper('7839');
raise insufficient balance;
                   *
ERROR at line 13:
ORA-06550: line 13, column 20: 
PLS-00103: Encountered the symbol "BALANCE" when expecting one of the following: 
. ; 
The symbol "." was substituted for "BALANCE" to continue. 


SQL> ed
Wrote file afiedt.buf

  1  declare
  2  v_sal int;
  3  o_sal int :=&o_sal;
  4  v_empno int :=upper('&v_empno');
  5  insufficient_balance exception;
  6  i int;
  7  begin
  8  select sal into v_sal
  9  from emp
 10  where empno=v_empno;
 11  i :=v_sal-o_sal;
 12  if i<o_sal then
 13  raise insufficient_balance;
 14  else
 15  update emp
 16  set sal=v_sal-O_sal
 17  where empno=v_empno;
 18  end if;
 19  exception
 20  when insufficient_balance then
 21  dbms_output.put_line('insufficient_balance');
 22* end;
SQL> /
Enter value for o_sal: 400
old   3: o_sal int :=&o_sal;
new   3: o_sal int :=400;
Enter value for v_empno: 7839
old   4: v_empno int :=upper('&v_empno');
new   4: v_empno int :=upper('7839');

PL/SQL procedure successfully completed.

SQL> select * from emp;

     EMPNO ENAME      JOB              MGR HIREDATE         SAL       COMM     DEPTNO               
---------- ---------- --------- ---------- --------- ---------- ---------- ----------               
      7369 SMITH      CLERK           7902 17-DEC-80        800                    20               
      7499 ALLEN      SALESMAN        7698 20-FEB-81       1700        300         30               
      7521 WARD       SALESMAN        7698 22-FEB-81       1250        500         30               
      7566 JONES      MANAGER         7839 02-APR-81       2975                    20               
      7654 MARTIN     SALESMAN        7698 28-SEP-81       1250       1400         30               
      7698 BLAKE      MANAGER         7839 01-MAY-81       2850                    30               
      7782 CLARK      MANAGER         7839 09-JUN-81       2450                    10               
      7788 SCOTT      ANALYST         7566 19-APR-87       3000                    20               
      7839 KING       PRESIDENT            17-NOV-81       4600                    10               
      7844 TURNER     SALESMAN        7698 08-SEP-81       1500          0         30               
      7876 ADAMS      CLERK           7788 23-MAY-87       1100                    20               
      7900 JAMES      CLERK           7698 03-DEC-81        950                    30               
      7902 FORD       ANALYST         7566 03-DEC-81       3000                    20               
      7934 MILLER     CLERK           7782 23-JAN-82       1300                    10               
      1000 karthi                                                                                   
      1001 kushal                                                                                   

16 rows selected.

SQL> ed
Wrote file afiedt.buf

  1* select * from emp
SQL> spool off;
